[2025-05-11 23:50:50] 處理失敗 (第 24 筆): Article `download()` failed with 404 Client Error: 404 Not Found for url: https://smart.businessweekly.com.tw/ErrorPage.aspx on URL https://smart.businessweekly.com.tw/Reading/WebArticle.aspx?id=46326
[2025-05-11 23:52:59] 處理失敗 (第 61 筆): HTTPSConnectionPool(host='www.businessweekly.com.tw', port=443): Read timed out. (read timeout=15)
[2025-05-11 23:59:34] 處理失敗 (第 179 筆): HTTPSConnectionPool(host='www.businessweekly.com.tw', port=443): Read timed out. (read timeout=15)
[2025-05-12 00:00:02] 處理失敗 (第 186 筆): HTTPSConnectionPool(host='www2.businessweekly.com.tw', port=443): Read timed out. (read timeout=15)
[2025-05-12 00:00:55] 處理失敗 (第 196 筆): HTTPSConnectionPool(host='www2.businessweekly.com.tw', port=443): Read timed out. (read timeout=15)
[2025-05-12 00:02:51] Playwright error on https://www.wealth.com.tw/articles/cb7a993d-ac0c-4ab6-9877-00c9c1707ffe: Timeout 30000ms exceeded.
=========================== logs ===========================
navigating to "https://www.wealth.com.tw/articles/cb7a993d-ac0c-4ab6-9877-00c9c1707ffe", waiting until "load"
============================================================
[2025-05-12 00:02:51] 處理失敗 (第 223 筆): Timeout 30000ms exceeded.
=========================== logs ===========================
navigating to "https://www.wealth.com.tw/articles/cb7a993d-ac0c-4ab6-9877-00c9c1707ffe", waiting until "load"
============================================================
[2025-05-12 00:13:41] 處理失敗 (第 423 筆): HTTPSConnectionPool(host='www.businessweekly.com.tw', port=443): Read timed out. (read timeout=15)
[2025-05-12 00:14:08] 處理失敗 (第 429 筆): HTTPSConnectionPool(host='www.businessweekly.com.tw', port=443): Read timed out. (read timeout=15)
[2025-05-12 00:18:04] 處理失敗 (第 509 筆): Article `download()` failed with 403 Client Error: Forbidden for url: https://www.cw.com.tw/article/5080055 on URL https://www.cw.com.tw/article/5080055
[2025-05-12 00:22:35] 處理失敗 (第 587 筆): Article `download()` failed with 403 Client Error: Forbidden for url: https://www.cw.com.tw/article/5082410 on URL https://www.cw.com.tw/article/5082410
[2025-05-12 00:26:11] 處理失敗 (第 663 筆): HTTPSConnectionPool(host='www.businessweekly.com.tw', port=443): Read timed out. (read timeout=15)
[2025-05-12 00:29:57] 處理失敗 (第 734 筆): Article `download()` failed with 403 Client Error: Forbidden for url: https://csr.cw.com.tw/article/40112 on URL https://csr.cw.com.tw/article/40112
[2025-05-12 00:32:52] 處理失敗 (第 768 筆): Article `download()` failed with 403 Client Error: Forbidden for url: https://hk.investing.com/news/factbox-recent-bank-bailouts-43654/ on URL https://hk.investing.com/news/factbox-recent-bank-bailouts-43654/
[2025-05-12 00:35:16] 處理失敗 (第 806 筆): Article `download()` failed with 403 Client Error: Forbidden for url: https://www.cw.com.tw/article/5087523 on URL https://www.cw.com.tw/article/5087523
[2025-05-12 00:37:35] 處理失敗 (第 828 筆): Article `download()` failed with 403 Client Error: Forbidden for url: https://www.cheers.com.tw/article/article.action?id=5088055 on URL https://www.cheers.com.tw/article/article.action?id=5088055
[2025-05-12 00:44:41] 處理失敗 (第 893 筆): HTTPSConnectionPool(host='www.businessweekly.com.tw', port=443): Read timed out. (read timeout=15)
[2025-05-12 00:52:53] 處理失敗 (第 969 筆): HTTPSConnectionPool(host='www.businessweekly.com.tw', port=443): Read timed out. (read timeout=15)
[2025-05-12 00:52:54] 處理失敗 (第 971 筆): Article `download()` failed with 403 Client Error: Forbidden for url: https://www.cw.com.tw/article/5090770 on URL https://www.cw.com.tw/article/5090770
[2025-05-12 01:11:43] 處理失敗 (第 1146 筆): HTTPSConnectionPool(host='www.businessweekly.com.tw', port=443): Read timed out. (read timeout=15)
[2025-05-12 01:14:33] 處理失敗 (第 1184 筆): HTTPSConnectionPool(host='www.businessweekly.com.tw', port=443): Read timed out. (read timeout=15)
[2025-05-12 01:31:00] 處理失敗 (第 1371 筆): HTTPSConnectionPool(host='www.businessweekly.com.tw', port=443): Read timed out. (read timeout=15)
[2025-05-12 01:45:20] 處理失敗 (第 1570 筆): HTTPSConnectionPool(host='www.businessweekly.com.tw', port=443): Read timed out. (read timeout=15)
[2025-05-12 01:52:43] 處理失敗 (第 1637 筆): HTTPSConnectionPool(host='www.businessweekly.com.tw', port=443): Read timed out. (read timeout=15)
[2025-05-12 02:15:36] 處理失敗 (第 1825 筆): HTTPSConnectionPool(host='www.businessweekly.com.tw', port=443): Read timed out. (read timeout=15)
[2025-05-12 02:16:23] 處理失敗 (第 1834 筆): HTTPSConnectionPool(host='www.businessweekly.com.tw', port=443): Read timed out. (read timeout=15)
[2025-05-12 02:17:11] 處理失敗 (第 1845 筆): HTTPSConnectionPool(host='www.businessweekly.com.tw', port=443): Read timed out. (read timeout=15)
[2025-05-12 02:17:16] 處理失敗 (第 1846 筆): Article `download()` failed with 403 Client Error: Forbidden for url: https://www.cw.com.tw/article/5101099 on URL https://www.cw.com.tw/article/5101099
[2025-05-12 02:17:43] 處理失敗 (第 1850 筆): HTTPSConnectionPool(host='www.businessweekly.com.tw', port=443): Read timed out. (read timeout=15)
[2025-05-12 02:18:44] 處理失敗 (第 1864 筆): HTTPSConnectionPool(host='www.businessweekly.com.tw', port=443): Read timed out. (read timeout=15)
[2025-05-12 02:19:19] 處理失敗 (第 1869 筆): HTTPSConnectionPool(host='www.businessweekly.com.tw', port=443): Read timed out. (read timeout=15)
[2025-05-12 02:20:06] 處理失敗 (第 1876 筆): HTTPSConnectionPool(host='www.businessweekly.com.tw', port=443): Read timed out. (read timeout=15)
[2025-05-12 02:21:02] 處理失敗 (第 1885 筆): HTTPSConnectionPool(host='www.businessweekly.com.tw', port=443): Read timed out. (read timeout=15)
[2025-05-12 02:22:05] 處理失敗 (第 1892 筆): HTTPSConnectionPool(host='www.businessweekly.com.tw', port=443): Read timed out. (read timeout=15)
[2025-05-12 02:22:18] 處理失敗 (第 1894 筆): Article `download()` failed with 403 Client Error: Forbidden for url: https://csr.cw.com.tw/article/41776 on URL https://csr.cw.com.tw/article/41776
[2025-05-12 02:22:52] 處理失敗 (第 1900 筆): HTTPSConnectionPool(host='www2.businessweekly.com.tw', port=443): Read timed out. (read timeout=15)
[2025-05-12 02:23:15] 處理失敗 (第 1905 筆): HTTPSConnectionPool(host='www2.businessweekly.com.tw', port=443): Read timed out. (read timeout=15)
[2025-05-12 02:25:07] 處理失敗 (第 1924 筆): HTTPSConnectionPool(host='www.businessweekly.com.tw', port=443): Read timed out. (read timeout=15)
[2025-05-12 02:27:33] 處理失敗 (第 1945 筆): HTTPSConnectionPool(host='www.businessweekly.com.tw', port=443): Read timed out. (read timeout=15)
[2025-05-12 02:28:14] 處理失敗 (第 1953 筆): HTTPSConnectionPool(host='www.businessweekly.com.tw', port=443): Read timed out. (read timeout=15)
[2025-05-12 02:28:49] 處理失敗 (第 1957 筆): HTTPSConnectionPool(host='www.businessweekly.com.tw', port=443): Read timed out. (read timeout=15)
[2025-05-12 02:29:35] 處理失敗 (第 1963 筆): HTTPSConnectionPool(host='www.businessweekly.com.tw', port=443): Read timed out. (read timeout=15)
[2025-05-12 02:30:39] 處理失敗 (第 1976 筆): HTTPSConnectionPool(host='www.businessweekly.com.tw', port=443): Read timed out. (read timeout=15)
[2025-05-12 02:31:48] 處理失敗 (第 1984 筆): HTTPSConnectionPool(host='www.businessweekly.com.tw', port=443): Read timed out. (read timeout=15)
[2025-05-12 02:33:09] 處理失敗 (第 1992 筆): HTTPSConnectionPool(host='www.businessweekly.com.tw', port=443): Read timed out. (read timeout=15)
[2025-05-12 02:33:27] 處理失敗 (第 1997 筆): Article `download()` failed with 403 Client Error: Forbidden for url: https://www.ftvnews.com.tw/news/detail/2021A14W0183 on URL https://www.ftvnews.com.tw/news/detail/2021A14W0183
[2025-05-12 02:33:47] 處理失敗 (第 1998 筆): HTTPSConnectionPool(host='www.businessweekly.com.tw', port=443): Read timed out. (read timeout=15)
[2025-05-12 02:34:17] 處理失敗 (第 2015 筆): Article `download()` failed with 403 Client Error: Forbidden for url: https://www.ftvnews.com.tw/news/detail/2021C28W0025 on URL https://www.ftvnews.com.tw/news/detail/2021C28W0025
[2025-05-12 02:34:17] 處理失敗 (第 2016 筆): Article `download()` failed with 403 Client Error: Forbidden for url: https://csr.cw.com.tw/article/42333 on URL https://csr.cw.com.tw/article/42333
[2025-05-12 02:36:25] 處理失敗 (第 2093 筆): HTTPSConnectionPool(host='www.businessweekly.com.tw', port=443): Read timed out. (read timeout=15)
[2025-05-12 02:36:59] 處理失敗 (第 2116 筆): HTTPSConnectionPool(host='www.businessweekly.com.tw', port=443): Read timed out. (read timeout=15)
[2025-05-12 02:38:23] 處理失敗 (第 2182 筆): HTTPSConnectionPool(host='www.businessweekly.com.tw', port=443): Read timed out. (read timeout=15)
[2025-05-12 02:38:49] 處理失敗 (第 2203 筆): HTTPSConnectionPool(host='www.businessweekly.com.tw', port=443): Read timed out. (read timeout=15)
[2025-05-12 02:41:06] 處理失敗 (第 2443 筆): Article `download()` failed with 403 Client Error: Forbidden for url: https://www.cw.com.tw/article/5130339 on URL https://www.cw.com.tw/article/5130339
[2025-05-12 02:42:42] 處理失敗 (第 2619 筆): Article `download()` failed with 403 Client Error: Forbidden for url: https://www.cw.com.tw/article/5131469 on URL https://www.cw.com.tw/article/5131469
[2025-05-12 02:43:22] 處理失敗 (第 2698 筆): Article `download()` failed with 403 Client Error: Forbidden for url: https://www.cw.com.tw/article/5132170 on URL https://www.cw.com.tw/article/5132170
[2025-05-12 02:44:19] 處理失敗 (第 2804 筆): Article `download()` failed with 403 Client Error: Forbidden for url: https://www.ftvnews.com.tw/news/detail/2024B05W0046 on URL https://www.ftvnews.com.tw/news/detail/2024B05W0046
[2025-05-12 02:45:12] 處理失敗 (第 2884 筆): Article `download()` failed with 403 Client Error: Forbidden for url: https://www.cw.com.tw/article/5133354 on URL https://www.cw.com.tw/article/5133354
[2025-05-12 02:45:12] 處理失敗 (第 2887 筆): Article `download()` failed with 403 Client Error: Forbidden for url: https://www.cw.com.tw/article/5133363 on URL https://www.cw.com.tw/article/5133363
