[2025-05-12 22:28:04] 處理失敗 (第 179 筆): Article `download()` failed with 403 Client Error: Forbidden for url: https://www.cw.com.tw/article/5082640 on URL https://www.cw.com.tw/article/5082640
[2025-05-12 22:28:10] 處理失敗 (第 205 筆): Article `download()` failed with 403 Client Error: Forbidden for url: https://www.cw.com.tw/article/5085637 on URL https://www.cw.com.tw/article/5085637
[2025-05-12 22:29:13] 處理失敗 (第 295 筆): Article `download()` failed with 403 Client Error: Forbidden for url: https://www.cw.com.tw/article/5093738 on URL https://www.cw.com.tw/article/5093738
[2025-05-12 22:31:38] 處理失敗 (第 450 筆): Article `download()` failed with 403 Client Error: Forbidden for url: https://www.cw.com.tw/article/5101099 on URL https://www.cw.com.tw/article/5101099
[2025-05-12 22:32:53] 處理失敗 (第 507 筆): Article `download()` failed with 403 Client Error: Forbidden for url: https://www.ftvnews.com.tw/news/detail/2020B18W0026 on URL https://www.ftvnews.com.tw/news/detail/2020B18W0026
[2025-05-12 22:34:25] 處理失敗 (第 591 筆): Article `download()` failed with 403 Client Error: Forbidden for url: https://www.ftvnews.com.tw/news/detail/2021407F01M1 on URL https://www.ftvnews.com.tw/news/detail/2021407F01M1
[2025-05-12 22:34:43] 處理失敗 (第 603 筆): Article `download()` failed with 403 Client Error: Forbidden for url: https://www.ftvnews.com.tw/news/detail/2021429W0055 on URL https://www.ftvnews.com.tw/news/detail/2021429W0055
[2025-05-12 22:34:59] 處理失敗 (第 610 筆): Article `download()` failed with 403 Client Error: Forbidden for url: https://www.ftvnews.com.tw/news/detail/2021429W0119 on URL https://www.ftvnews.com.tw/news/detail/2021429W0119
[2025-05-12 22:36:14] 處理失敗 (第 664 筆): Article `download()` failed with 403 Client Error: Forbidden for url: https://www.ftvnews.com.tw/news/detail/2021727F07M1 on URL https://www.ftvnews.com.tw/news/detail/2021727F07M1
[2025-05-12 22:36:18] 處理失敗 (第 674 筆): Article `download()` failed with 403 Client Error: Forbidden for url: https://www.ftvnews.com.tw/news/detail/2021821F01M1 on URL https://www.ftvnews.com.tw/news/detail/2021821F01M1
[2025-05-12 22:37:45] 處理失敗 (第 757 筆): Article `download()` failed with 403 Client Error: Forbidden for url: https://www.ftvnews.com.tw/news/detail/2022216W0275 on URL https://www.ftvnews.com.tw/news/detail/2022216W0275
[2025-05-12 22:38:16] 處理失敗 (第 801 筆): Article `download()` failed with 403 Client Error: Forbidden for url: https://www.ftvnews.com.tw/news/detail/2022410W0042 on URL https://www.ftvnews.com.tw/news/detail/2022410W0042
[2025-05-12 22:39:06] 處理失敗 (第 867 筆): Article `download()` failed with 403 Client Error: Forbidden for url: https://www.cw.com.tw/article/5122136 on URL https://www.cw.com.tw/article/5122136
[2025-05-12 22:41:27] 處理失敗 (第 1056 筆): HTTPSConnectionPool(host='hwa-guan.com.tw', port=443): Max retries exceeded with url: /Wealth/ViewPoint/ArticleContent?C_id=10264 (Caused by SSLError(CertificateError("hostname 'hwa-guan.com.tw' doesn't match 'www.hwa-guan.com.tw'")))
[2025-05-12 22:42:24] 處理失敗 (第 1102 筆): Article `download()` failed with 403 Client Error: Forbidden for url: https://www.cw.com.tw/article/5127799 on URL https://www.cw.com.tw/article/5127799
[2025-05-12 22:42:41] 處理失敗 (第 1135 筆): Article `download()` failed with 403 Client Error: Forbidden for url: https://www.ftvnews.com.tw/news/detail/2023B29W0103 on URL https://www.ftvnews.com.tw/news/detail/2023B29W0103
[2025-05-12 22:42:53] 處理失敗 (第 1165 筆): Article `download()` failed with 403 Client Error: Forbidden for url: https://www.cw.com.tw/article/5128692 on URL https://www.cw.com.tw/article/5128692
[2025-05-12 22:42:53] 處理失敗 (第 1166 筆): HTTPSConnectionPool(host='hwa-guan.com.tw', port=443): Max retries exceeded with url: /Wealth/ViewPoint/ArticleContent?C_id=10403 (Caused by SSLError(CertificateError("hostname 'hwa-guan.com.tw' doesn't match 'www.hwa-guan.com.tw'")))
[2025-05-12 22:43:03] 處理失敗 (第 1185 筆): Article `download()` failed with 403 Client Error: Forbidden for url: https://www.cw.com.tw/article/5129147 on URL https://www.cw.com.tw/article/5129147
[2025-05-12 22:43:08] 處理失敗 (第 1194 筆): Article `download()` failed with 403 Client Error: Forbidden for url: https://www.ftvnews.com.tw/news/detail/2024130F02M1 on URL https://www.ftvnews.com.tw/news/detail/2024130F02M1
[2025-05-12 22:43:40] 處理失敗 (第 1211 筆): Article `download()` failed with 403 Client Error: Forbidden for url: https://futurecity.cw.com.tw/article/3359 on URL https://futurecity.cw.com.tw/article/3359
[2025-05-12 22:43:53] 處理失敗 (第 1239 筆): Article `download()` failed with 403 Client Error: Forbidden for url: https://www.ftvnews.com.tw/news/detail/2024611W0018 on URL https://www.ftvnews.com.tw/news/detail/2024611W0018
[2025-05-12 22:44:13] 處理失敗 (第 1278 筆): Article `download()` failed with 403 Client Error: Forbidden for url: https://www.cw.com.tw/article/5132441 on URL https://www.cw.com.tw/article/5132441
[2025-05-12 22:44:25] 處理失敗 (第 1302 筆): Article `download()` failed with 403 Client Error: Forbidden for url: https://www.ftvnews.com.tw/news/detail/2024C11W0055 on URL https://www.ftvnews.com.tw/news/detail/2024C11W0055
